2025-03-24 10:33:01,873 [INFO] Activator:176 - 


2025-03-24 10:33:01,877 [INFO] Activator:177 - !SESSION log4j initialized
2025-03-24 10:33:05,303 [INFO] LogOutputStream:77 - [STDOUT_REDIRECT] 
2025-03-24 10:33:12,375 [INFO] ApplicationProperties:184 - Using Application install path: C:\ST\STM32CubeIDE_1.15.1\STM32CubeIDE\plugins\com.st.stm32cube.common.mx_6.13.0.202411220809
2025-03-24 10:33:12,394 [INFO] DbMcusXml:78 - Set database path to: C:\ST\STM32CubeIDE_1.15.1\STM32CubeIDE\plugins\com.st.stm32cube.common.mx_6.13.0.202411220809\\db\/mcu/
2025-03-24 10:33:12,395 [INFO] ApiDb:274 - Set plugin database path to: C:\ST\STM32CubeIDE_1.15.1\STM32CubeIDE\plugins\com.st.stm32cube.common.mx_6.13.0.202411220809\\db\/plugins/boardmanager/
2025-03-24 10:33:12,397 [WARN] ApiDb:259 - Overriding images path with different value:  => C:\ST\STM32CubeIDE_1.15.1\STM32CubeIDE\plugins\com.st.stm32cube.common.mx_6.13.0.202411220809\\db\/plugins/mcufinder/images/
2025-03-24 10:33:12,415 [INFO] ApiDb:250 - Set database path to: C:\Users\W10\.stmcufinder\plugins\mcufinder//mcu/
2025-03-24 10:33:12,416 [INFO] DbMcusAds:125 - Set database path to: C:\Users\W10\.stmcufinder\plugins\mcufinder//mcu/
2025-03-24 10:33:12,418 [INFO] CrossReferenceDbSqlite:203 - Set database path to: C:\Users\W10\.stmcufinder\plugins\mcufinder//mcu/cs/
2025-03-24 10:33:12,548 [INFO] RulesReader:64 - Compatibility file has been processed (297 Rules)
2025-03-24 10:33:12,625 [INFO] DbMcusXml:78 - Set database path to: C:\ST\STM32CubeIDE_1.15.1\STM32CubeIDE\plugins\com.st.stm32cube.common.mx_6.13.0.202411220809\\db\/mcu/
2025-03-24 10:33:12,625 [INFO] ApiDb:274 - Set plugin database path to: C:\ST\STM32CubeIDE_1.15.1\STM32CubeIDE\plugins\com.st.stm32cube.common.mx_6.13.0.202411220809\\db\/plugins/boardmanager/
2025-03-24 10:33:12,626 [INFO] ApiDb:261 - Set plugin images path to: C:\ST\STM32CubeIDE_1.15.1\STM32CubeIDE\plugins\com.st.stm32cube.common.mx_6.13.0.202411220809\\db\/plugins/mcufinder/images/
2025-03-24 10:33:12,626 [WARN] DbFile:41 - Overriding database path with different value: C:\Users\W10\.stmcufinder\plugins\mcufinder/ => C:\Users\W10\.stmcufinder\plugins\mcufinder
2025-03-24 10:33:12,626 [INFO] ApiDb:250 - Set database path to: C:\Users\W10\.stmcufinder\plugins\mcufinder//mcu/
2025-03-24 10:33:12,626 [WARN] DbFile:41 - Overriding database path with different value: C:\Users\W10\.stmcufinder\plugins\mcufinder/ => C:\Users\W10\.stmcufinder\plugins\mcufinder
2025-03-24 10:33:12,626 [INFO] DbMcusAds:125 - Set database path to: C:\Users\W10\.stmcufinder\plugins\mcufinder//mcu/
2025-03-24 10:33:12,626 [WARN] DbFile:41 - Overriding database path with different value: C:\Users\W10\.stmcufinder\plugins\mcufinder/ => C:\Users\W10\.stmcufinder\plugins\mcufinder
2025-03-24 10:33:12,626 [WARN] DbFile:41 - Overriding database path with different value: C:\Users\W10\.stmcufinder\plugins\mcufinder/ => C:\Users\W10\.stmcufinder\plugins\mcufinder
2025-03-24 10:33:12,626 [INFO] CrossReferenceDbSqlite:203 - Set database path to: C:\Users\W10\.stmcufinder\plugins\mcufinder//mcu/cs/
2025-03-24 10:33:12,707 [INFO] MainPanel:272 - HeapMemory: 268435456
2025-03-24 10:33:12,842 [INFO] DbMcusXml:78 - Set database path to: C:\ST\STM32CubeIDE_1.15.1\STM32CubeIDE\plugins\com.st.stm32cube.common.mx_6.13.0.202411220809\\db\/mcu/
2025-03-24 10:33:12,843 [INFO] ApiDb:274 - Set plugin database path to: C:\ST\STM32CubeIDE_1.15.1\STM32CubeIDE\plugins\com.st.stm32cube.common.mx_6.13.0.202411220809\\db\/plugins/boardmanager/
2025-03-24 10:33:12,843 [INFO] ApiDb:261 - Set plugin images path to: C:\ST\STM32CubeIDE_1.15.1\STM32CubeIDE\plugins\com.st.stm32cube.common.mx_6.13.0.202411220809\\db\/plugins/mcufinder/images/
2025-03-24 10:33:12,843 [WARN] DbFile:41 - Overriding database path with different value: C:\Users\W10\.stmcufinder\plugins\mcufinder/ => C:\Users\W10\.stmcufinder\plugins\mcufinder
2025-03-24 10:33:12,843 [INFO] ApiDb:250 - Set database path to: C:\Users\W10\.stmcufinder\plugins\mcufinder//mcu/
2025-03-24 10:33:12,843 [WARN] DbFile:41 - Overriding database path with different value: C:\Users\W10\.stmcufinder\plugins\mcufinder/ => C:\Users\W10\.stmcufinder\plugins\mcufinder
2025-03-24 10:33:12,843 [INFO] DbMcusAds:125 - Set database path to: C:\Users\W10\.stmcufinder\plugins\mcufinder//mcu/
2025-03-24 10:33:12,843 [WARN] DbFile:41 - Overriding database path with different value: C:\Users\W10\.stmcufinder\plugins\mcufinder/ => C:\Users\W10\.stmcufinder\plugins\mcufinder
2025-03-24 10:33:12,843 [WARN] DbFile:41 - Overriding database path with different value: C:\Users\W10\.stmcufinder\plugins\mcufinder/ => C:\Users\W10\.stmcufinder\plugins\mcufinder
2025-03-24 10:33:12,843 [INFO] CrossReferenceDbSqlite:203 - Set database path to: C:\Users\W10\.stmcufinder\plugins\mcufinder//mcu/cs/
2025-03-24 10:33:12,859 [INFO] ApplicationProperties:184 - Using Application install path: C:\ST\STM32CubeIDE_1.15.1\STM32CubeIDE\plugins\com.st.stm32cube.common.mx_6.13.0.202411220809
2025-03-24 10:33:12,861 [INFO] PluginManage:196 - Search for loadable plugins [exclusion list=, ]
2025-03-24 10:33:12,862 [INFO] PluginManage:310 - Check plugin analytics
2025-03-24 10:33:17,588 [INFO] AnalyticsPlugin:253 - Accepted Software Licenses: STM32CubeMX.6.13.0
2025-03-24 10:33:17,588 [INFO] AnalyticsPlugin:255 - Accepted CMSIS Pack Licenses: 
2025-03-24 10:33:17,588 [INFO] AnalyticsPlugin:257 - Accepted Firmware Licenses: FW.F4.1.28.0,FW.F4.1.27.0
2025-03-24 10:33:17,591 [INFO] PluginManage:359 - Loaded plugin analytics (category:tool,tabindex:-1)
2025-03-24 10:33:17,591 [INFO] PluginManage:310 - Check plugin cadmodel
2025-03-24 10:33:17,611 [INFO] CADModel:105 - Init CAD model plugin
2025-03-24 10:33:17,611 [INFO] PluginManage:359 - Loaded plugin cadmodel (category:power,tabindex:5)
2025-03-24 10:33:17,611 [INFO] PluginManage:310 - Check plugin clock
2025-03-24 10:33:17,633 [INFO] PluginManage:359 - Loaded plugin clock (category:base,tabindex:2)
2025-03-24 10:33:17,633 [INFO] PluginManage:310 - Check plugin ddr
2025-03-24 10:33:17,636 [INFO] PluginManage:359 - Loaded plugin ddr (category:tool,tabindex:6)
2025-03-24 10:33:17,636 [INFO] PluginManage:310 - Check plugin filemanager
2025-03-24 10:33:18,023 [INFO] PluginManage:359 - Loaded plugin filemanager (category:base,tabindex:10)
2025-03-24 10:33:18,024 [INFO] PluginManage:310 - Check plugin ipmanager
2025-03-24 10:33:18,032 [INFO] PluginManage:359 - Loaded plugin ipmanager (category:base,tabindex:5)
2025-03-24 10:33:18,032 [INFO] PluginManage:310 - Check plugin lpbam
2025-03-24 10:33:18,058 [INFO] PluginManage:359 - Loaded plugin lpbam (category:base,tabindex:0)
2025-03-24 10:33:18,058 [INFO] PluginManage:310 - Check plugin memorymap
2025-03-24 10:33:18,084 [INFO] PluginManage:359 - Loaded plugin memorymap (category:base,tabindex:4)
2025-03-24 10:33:18,084 [INFO] PluginManage:310 - Check plugin pinoutandconfiguration
2025-03-24 10:33:18,104 [INFO] PluginManage:359 - Loaded plugin pinoutandconfiguration (category:base,tabindex:1)
2025-03-24 10:33:18,104 [INFO] PluginManage:310 - Check plugin pinoutconfig
2025-03-24 10:33:18,203 [WARN] SupportedApi:132 - Cannot load RTOS API schema: s4s-elt-must-match.1: The content of 'definitions' must match (annotation?, (simpleType | complexType)?, (unique | key | keyref)*)). A problem was found starting at: attribute.
2025-03-24 10:33:18,331 [INFO] PluginManage:359 - Loaded plugin pinoutconfig (category:base,tabindex:0)
2025-03-24 10:33:18,331 [INFO] PluginManage:310 - Check plugin power
2025-03-24 10:33:18,358 [INFO] PluginManage:359 - Loaded plugin power (category:power,tabindex:4)
2025-03-24 10:33:18,358 [INFO] PluginManage:310 - Check plugin projectmanager
2025-03-24 10:33:18,371 [INFO] PluginManage:359 - Loaded plugin projectmanager (category:projectmanager,tabindex:4)
2025-03-24 10:33:18,371 [INFO] PluginManage:310 - Check plugin rif
2025-03-24 10:33:18,392 [INFO] PluginManage:359 - Loaded plugin rif (category:base,tabindex:3)
2025-03-24 10:33:18,392 [INFO] PluginManage:310 - Check plugin thirdparty
2025-03-24 10:33:18,693 [INFO] PluginManage:359 - Loaded plugin thirdparty (category:base,tabindex:-1)
2025-03-24 10:33:18,693 [WARN] IntegrityCheckThread:84 - waiting for thirdparty lock release [integrity check]
2025-03-24 10:33:18,693 [INFO] PluginManage:310 - Check plugin tools
2025-03-24 10:33:18,693 [INFO] IntegrityCheckThread:86 - entering critical section [integrity check]
2025-03-24 10:33:18,693 [INFO] ThirdPartyUpdaterWithRetryManager:70 - Updater plugin not ready yet. [1/15]
2025-03-24 10:33:18,735 [INFO] PluginManage:359 - Loaded plugin tools (category:base,tabindex:7)
2025-03-24 10:33:18,735 [INFO] PluginManage:310 - Check plugin tutovideos
2025-03-24 10:33:18,942 [INFO] PluginManage:359 - Loaded plugin tutovideos (category:base,tabindex:-1)
2025-03-24 10:33:18,942 [INFO] PluginManage:310 - Check plugin updater
2025-03-24 10:33:18,962 [INFO] PluginManage:359 - Loaded plugin updater (category:base,tabindex:12)
2025-03-24 10:33:18,962 [INFO] PluginManage:310 - Check plugin userauth
2025-03-24 10:33:18,966 [INFO] UserAuth:118 - Init User Auth plugin
2025-03-24 10:33:18,966 [INFO] PluginManage:359 - Loaded plugin userauth (category:base,tabindex:14)
2025-03-24 10:33:18,967 [INFO] PluginManage:283 - PluginManage : Loaded plugins [18]
2025-03-24 10:33:19,154 [INFO] PinOutPanel:1589 - setPackage(No Configuration,No Configuration)
2025-03-24 10:33:19,227 [INFO] CADModel:165 - CPN selected for project level
2025-03-24 10:33:19,228 [INFO] CADModel:114 - Register for checkConnection events
2025-03-24 10:33:19,255 [INFO] IPUIPlugin:80 - create IPUIPlugin
2025-03-24 10:33:19,255 [INFO] PluginManager:220 - loadIPPluginJar : add adc
2025-03-24 10:33:19,301 [INFO] IPUIPlugin:80 - create IPUIPlugin
2025-03-24 10:33:19,301 [INFO] PluginManager:220 - loadIPPluginJar : add aes
2025-03-24 10:33:19,351 [INFO] IPUIPlugin:80 - create IPUIPlugin
2025-03-24 10:33:19,351 [INFO] PluginManager:220 - loadIPPluginJar : add can
2025-03-24 10:33:19,382 [INFO] IPUIPlugin:80 - create IPUIPlugin
2025-03-24 10:33:19,383 [INFO] PluginManager:220 - loadIPPluginJar : add comp
2025-03-24 10:33:19,425 [INFO] IPUIPlugin:80 - create IPUIPlugin
2025-03-24 10:33:19,426 [INFO] PluginManager:220 - loadIPPluginJar : add cryp
2025-03-24 10:33:19,441 [INFO] IPUIPlugin:80 - create IPUIPlugin
2025-03-24 10:33:19,442 [INFO] PluginManager:220 - loadIPPluginJar : add ddr_ctrl_phy
2025-03-24 10:33:19,476 [INFO] IPUIPlugin:80 - create IPUIPlugin
2025-03-24 10:33:19,476 [INFO] PluginManager:220 - loadIPPluginJar : add dfsdm
2025-03-24 10:33:19,490 [INFO] IPUIPlugin:80 - create IPUIPlugin
2025-03-24 10:33:19,491 [INFO] PluginManager:220 - loadIPPluginJar : add dma
2025-03-24 10:33:19,535 [INFO] IPUIPlugin:80 - create IPUIPlugin
2025-03-24 10:33:19,536 [INFO] PluginManager:220 - loadIPPluginJar : add dma3
2025-03-24 10:33:19,585 [INFO] IPUIPlugin:80 - create IPUIPlugin
2025-03-24 10:33:19,586 [INFO] PluginManager:220 - loadIPPluginJar : add extmemmanager
2025-03-24 10:33:19,610 [INFO] IPUIPlugin:80 - create IPUIPlugin
2025-03-24 10:33:19,610 [INFO] PluginManager:220 - loadIPPluginJar : add fatfs
2025-03-24 10:33:19,662 [INFO] IPUIPlugin:80 - create IPUIPlugin
2025-03-24 10:33:19,662 [INFO] PluginManager:220 - loadIPPluginJar : add fmc
2025-03-24 10:33:19,680 [INFO] IPUIPlugin:80 - create IPUIPlugin
2025-03-24 10:33:19,680 [INFO] PluginManager:220 - loadIPPluginJar : add freertos
2025-03-24 10:33:19,704 [INFO] IPUIPlugin:80 - create IPUIPlugin
2025-03-24 10:33:19,704 [INFO] PluginManager:220 - loadIPPluginJar : add genericplugin
2025-03-24 10:33:19,817 [INFO] IPUIPlugin:80 - create IPUIPlugin
2025-03-24 10:33:19,817 [INFO] PluginManager:220 - loadIPPluginJar : add gfxmmu
2025-03-24 10:33:19,963 [INFO] IPUIPlugin:80 - create IPUIPlugin
2025-03-24 10:33:19,963 [INFO] PluginManager:220 - loadIPPluginJar : add gic
2025-03-24 10:33:19,978 [INFO] IPUIPlugin:80 - create IPUIPlugin
2025-03-24 10:33:19,978 [INFO] PluginManager:220 - loadIPPluginJar : add gpio
2025-03-24 10:33:20,081 [INFO] IPUIPlugin:80 - create IPUIPlugin
2025-03-24 10:33:20,082 [INFO] PluginManager:220 - loadIPPluginJar : add gtzc
2025-03-24 10:33:20,120 [INFO] IPUIPlugin:80 - create IPUIPlugin
2025-03-24 10:33:20,120 [INFO] PluginManager:220 - loadIPPluginJar : add hash
2025-03-24 10:33:20,178 [INFO] IPUIPlugin:80 - create IPUIPlugin
2025-03-24 10:33:20,178 [INFO] PluginManager:220 - loadIPPluginJar : add i2c
2025-03-24 10:33:20,223 [INFO] IPUIPlugin:80 - create IPUIPlugin
2025-03-24 10:33:20,223 [INFO] PluginManager:220 - loadIPPluginJar : add i2s
2025-03-24 10:33:20,270 [INFO] IPUIPlugin:80 - create IPUIPlugin
2025-03-24 10:33:20,270 [INFO] PluginManager:220 - loadIPPluginJar : add i3c
2025-03-24 10:33:20,381 [INFO] IPUIPlugin:80 - create IPUIPlugin
2025-03-24 10:33:20,381 [INFO] PluginManager:220 - loadIPPluginJar : add ipddr
2025-03-24 10:33:20,484 [INFO] IPUIPlugin:80 - create IPUIPlugin
2025-03-24 10:33:20,484 [INFO] PluginManager:220 - loadIPPluginJar : add linkedlist
2025-03-24 10:33:20,528 [INFO] IPUIPlugin:80 - create IPUIPlugin
2025-03-24 10:33:20,528 [INFO] PluginManager:220 - loadIPPluginJar : add lorawan
2025-03-24 10:33:20,569 [INFO] IPUIPlugin:80 - create IPUIPlugin
2025-03-24 10:33:20,569 [INFO] PluginManager:220 - loadIPPluginJar : add ltdc
2025-03-24 10:33:20,585 [INFO] IPUIPlugin:80 - create IPUIPlugin
2025-03-24 10:33:20,585 [INFO] PluginManager:220 - loadIPPluginJar : add mdma
2025-03-24 10:33:20,599 [INFO] IPUIPlugin:80 - create IPUIPlugin
2025-03-24 10:33:20,599 [INFO] PluginManager:220 - loadIPPluginJar : add nvic
2025-03-24 10:33:20,642 [INFO] IPUIPlugin:80 - create IPUIPlugin
2025-03-24 10:33:20,642 [INFO] PluginManager:220 - loadIPPluginJar : add opamp
2025-03-24 10:33:20,715 [INFO] IPUIPlugin:80 - create IPUIPlugin
2025-03-24 10:33:20,715 [INFO] PluginManager:220 - loadIPPluginJar : add openamp
2025-03-24 10:33:20,763 [INFO] IPUIPlugin:80 - create IPUIPlugin
2025-03-24 10:33:20,763 [INFO] PluginManager:220 - loadIPPluginJar : add pdm2pcm
2025-03-24 10:33:20,778 [INFO] IPUIPlugin:80 - create IPUIPlugin
2025-03-24 10:33:20,780 [INFO] PluginManager:220 - loadIPPluginJar : add plateformsettings
2025-03-24 10:33:20,809 [INFO] IPUIPlugin:80 - create IPUIPlugin
2025-03-24 10:33:20,809 [INFO] PluginManager:220 - loadIPPluginJar : add quadspi
2025-03-24 10:33:20,840 [INFO] IPUIPlugin:80 - create IPUIPlugin
2025-03-24 10:33:20,840 [INFO] PluginManager:220 - loadIPPluginJar : add radio
2025-03-24 10:33:20,854 [INFO] IPUIPlugin:80 - create IPUIPlugin
2025-03-24 10:33:20,855 [INFO] PluginManager:220 - loadIPPluginJar : add resmgrutility
2025-03-24 10:33:20,907 [INFO] IPUIPlugin:80 - create IPUIPlugin
2025-03-24 10:33:20,907 [INFO] PluginManager:220 - loadIPPluginJar : add sai
2025-03-24 10:33:20,948 [INFO] IPUIPlugin:80 - create IPUIPlugin
2025-03-24 10:33:20,948 [INFO] PluginManager:220 - loadIPPluginJar : add spi
2025-03-24 10:33:21,024 [INFO] IPUIPlugin:80 - create IPUIPlugin
2025-03-24 10:33:21,024 [INFO] PluginManager:220 - loadIPPluginJar : add stm32_wpan
2025-03-24 10:33:21,051 [INFO] IPUIPlugin:80 - create IPUIPlugin
2025-03-24 10:33:21,052 [INFO] PluginManager:220 - loadIPPluginJar : add tim
2025-03-24 10:33:21,119 [INFO] IPUIPlugin:80 - create IPUIPlugin
2025-03-24 10:33:21,119 [INFO] PluginManager:220 - loadIPPluginJar : add touchsensing
2025-03-24 10:33:21,146 [INFO] IPUIPlugin:80 - create IPUIPlugin
2025-03-24 10:33:21,146 [INFO] PluginManager:220 - loadIPPluginJar : add tracer_emb
2025-03-24 10:33:21,173 [INFO] IPUIPlugin:80 - create IPUIPlugin
2025-03-24 10:33:21,173 [INFO] PluginManager:220 - loadIPPluginJar : add ts
2025-03-24 10:33:21,200 [INFO] IPUIPlugin:80 - create IPUIPlugin
2025-03-24 10:33:21,200 [INFO] PluginManager:220 - loadIPPluginJar : add tsc
2025-03-24 10:33:21,224 [INFO] IPUIPlugin:80 - create IPUIPlugin
2025-03-24 10:33:21,225 [INFO] PluginManager:220 - loadIPPluginJar : add ucpd
2025-03-24 10:33:21,274 [INFO] IPUIPlugin:80 - create IPUIPlugin
2025-03-24 10:33:21,274 [INFO] PluginManager:220 - loadIPPluginJar : add usart
2025-03-24 10:33:21,324 [INFO] IPUIPlugin:80 - create IPUIPlugin
2025-03-24 10:33:21,324 [INFO] PluginManager:220 - loadIPPluginJar : add usbx
2025-03-24 10:33:21,446 [FATAL] Updater:351 - Updater called before beeing initialized
2025-03-24 10:33:21,466 [INFO] RulesReader:64 - Compatibility file has been processed (297 Rules)
2025-03-24 10:33:21,475 [INFO] RulesReader:64 - Compatibility file has been processed (297 Rules)
2025-03-24 10:33:21,483 [INFO] CADModel:165 - CPN selected for project level
2025-03-24 10:33:21,484 [INFO] CADModel:114 - Register for checkConnection events
2025-03-24 10:33:21,484 [FATAL] Updater:351 - Updater called before beeing initialized
2025-03-24 10:33:21,484 [ERROR] CADModel:125 - Updater not yet initialized, retry later 
2025-03-24 10:33:21,629 [FATAL] Updater:351 - Updater called before beeing initialized
2025-03-24 10:33:21,631 [INFO] CADModel:165 - CPN selected for project level
2025-03-24 10:33:21,631 [INFO] CADModel:114 - Register for checkConnection events
2025-03-24 10:33:21,631 [FATAL] Updater:351 - Updater called before beeing initialized
2025-03-24 10:33:21,631 [ERROR] CADModel:125 - Updater not yet initialized, retry later 
2025-03-24 10:33:21,633 [FATAL] Updater:351 - Updater called before beeing initialized
2025-03-24 10:33:21,694 [INFO] ThirdPartyUpdaterWithRetryManager:70 - Updater plugin not ready yet. [2/15]
2025-03-24 10:33:21,729 [FATAL] Updater:351 - Updater called before beeing initialized
2025-03-24 10:33:21,740 [INFO] DbMcusAds:53 - JSON generation date=Thu Mar 06 17:54:21 TRT 2025 (1741272861825)
2025-03-24 10:33:21,740 [FATAL] Updater:351 - Updater called before beeing initialized
2025-03-24 10:33:21,784 [WARN] DetailPanel:346 - Failed to get advertising image, set to default
2025-03-24 10:33:22,013 [FATAL] Updater:351 - Updater called before beeing initialized
2025-03-24 10:33:22,016 [FATAL] Updater:351 - Updater called before beeing initialized
2025-03-24 10:33:22,016 [FATAL] Updater:351 - Updater called before beeing initialized
2025-03-24 10:33:22,017 [WARN] DetailPanel:346 - Failed to get advertising image, set to default
2025-03-24 10:33:22,017 [FATAL] Updater:351 - Updater called before beeing initialized
2025-03-24 10:33:22,088 [ERROR] Updater:1198 - MainUpdater not yet initialized. External WinMGr cannot be set.
2025-03-24 10:33:22,097 [INFO] Updater:1134 - Updater Version found : 6.13.0
2025-03-24 10:33:22,119 [INFO] ApplicationProperties:184 - Using Application install path: C:\ST\STM32CubeIDE_1.15.1\STM32CubeIDE\plugins\com.st.stm32cube.common.mx_6.13.0.202411220809
2025-03-24 10:33:23,700 [ERROR] LogOutputStream:75 - [STDERR_REDIRECT] Mar 24, 2025 10:33:23 AM java.util.prefs.WindowsPreferences <init>
2025-03-24 10:33:23,701 [ERROR] LogOutputStream:75 - [STDERR_REDIRECT] WARNING: Could not open/create prefs root node Software\JavaSoft\Prefs at root 0xffffffff80000002. Windows RegCreateKeyEx(...) returned error code 5.
2025-03-24 10:33:23,702 [ERROR] LogOutputStream:75 - [STDERR_REDIRECT] 
2025-03-24 10:33:24,128 [INFO] MainUpdater:2872 - connection check result : 10
2025-03-24 10:33:24,129 [INFO] MainUpdater:289 - Updater Check For Update Now.
2025-03-24 10:33:24,129 [INFO] MicroXplorer:498 - Change Database Version : DB.6.0.130
2025-03-24 10:33:24,149 [INFO] McuFinderGlobals:63 - Set McuFinder mode to 2 (CubeIDE integrated)
2025-03-24 10:33:24,150 [INFO] UserAuth:171 - activating auth plugin
2025-03-24 10:33:24,154 [INFO] UserAuth:486 - Internet connection configuration mode: 1
2025-03-24 10:33:24,198 [INFO] JxBrowserEngine:152 - Initiate JxBrowser Engine with user profile folder
2025-03-24 10:33:24,364 [INFO] CheckServerUpdateThread:120 - End of CheckServer Thread
2025-03-24 10:33:25,218 [WARN] PackLoader:240 - Cannot read IP mode file for STMicroelectronics.FP-SNS-MOTENVWB1.1.4.0
2025-03-24 10:33:25,242 [WARN] PackLoader:240 - Cannot read IP mode file for STMicroelectronics.FP-ATR-ASTRA1.2.0.2
2025-03-24 10:33:25,260 [WARN] PackLoader:240 - Cannot read IP mode file for STMicroelectronics.FP-ATR-ASTRA1.2.0.1
2025-03-24 10:33:25,280 [WARN] PackLoader:240 - Cannot read IP mode file for STMicroelectronics.X-CUBE-SMBUS.2.1.0
2025-03-24 10:33:25,303 [WARN] PackLoader:240 - Cannot read IP mode file for STMicroelectronics.X-CUBE-WB05N.1.1.0
2025-03-24 10:33:25,368 [WARN] PackLoader:240 - Cannot read IP mode file for STMicroelectronics.X-CUBE-AZRTOS-F7.1.1.0
2025-03-24 10:33:25,516 [WARN] PackLoader:240 - Cannot read IP mode file for STMicroelectronics.X-CUBE-MEMS1.11.0.0
2025-03-24 10:33:25,809 [WARN] PackLoader:240 - Cannot read IP mode file for STMicroelectronics.FP-SNS-FLIGHT1.5.0.2
2025-03-24 10:33:25,843 [WARN] PackLoader:240 - Cannot read IP mode file for STMicroelectronics.X-CUBE-DISPLAY.3.0.0
2025-03-24 10:33:25,878 [WARN] PackLoader:240 - Cannot read IP mode file for STMicroelectronics.X-CUBE-BLE1.7.0.0
2025-03-24 10:33:25,906 [WARN] PackLoader:240 - Cannot read IP mode file for STMicroelectronics.X-CUBE-NFC10.1.0.0
2025-03-24 10:33:25,931 [WARN] PackLoader:240 - Cannot read IP mode file for STMicroelectronics.X-CUBE-BLEMGR.4.0.0
2025-03-24 10:33:25,955 [WARN] PackLoader:240 - Cannot read IP mode file for emotas.I-CUBE-CANOPEN.1.3.0
2025-03-24 10:33:25,980 [WARN] PackLoader:240 - Cannot read IP mode file for STMicroelectronics.X-CUBE-BLEMGR.3.1.0
2025-03-24 10:33:26,001 [WARN] PackLoader:240 - Cannot read IP mode file for STMicroelectronics.X-CUBE-AI.10.0.0
2025-03-24 10:33:26,020 [WARN] PackLoader:240 - Cannot read IP mode file for STMicroelectronics.FP-SNS-SMARTAG2.1.2.0
2025-03-24 10:33:26,038 [WARN] PackLoader:240 - Cannot read IP mode file for STMicroelectronics.FP-SNS-FLIGHT1.5.1.0
2025-03-24 10:33:26,105 [WARN] PackLoader:240 - Cannot read IP mode file for STMicroelectronics.X-CUBE-MEMS1.11.1.0
2025-03-24 10:33:26,116 [INFO] WebApp:168 - Instantiating new browser for Auth
2025-03-24 10:33:26,305 [INFO] LogOutputStream:77 - [STDOUT_REDIRECT] 1 : Invalid condition id : UX_CORESTACK_Condition cause : null
2025-03-24 10:33:26,306 [INFO] LogOutputStream:77 - [STDOUT_REDIRECT] 1 : Invalid condition id : UX_CORESTACK_Condition cause : null
2025-03-24 10:33:26,319 [INFO] LogOutputStream:77 - [STDOUT_REDIRECT] 1 : Invalid condition id : UX_CORESTACK_Condition cause : null
2025-03-24 10:33:26,322 [INFO] LogOutputStream:77 - [STDOUT_REDIRECT] 1 : Invalid condition id : UX_CORESTACK_Condition cause : null
2025-03-24 10:33:26,324 [INFO] LogOutputStream:77 - [STDOUT_REDIRECT] 1 : Invalid condition id : UX_CORESTACK_Condition cause : null
2025-03-24 10:33:26,328 [WARN] PackLoader:240 - Cannot read IP mode file for STMicroelectronics.X-CUBE-AZRTOS-WL.2.0.0
2025-03-24 10:33:26,363 [WARN] PackLoader:240 - Cannot read IP mode file for STMicroelectronics.FP-SNS-MOTENV1.5.0.0
2025-03-24 10:33:26,394 [WARN] PackLoader:240 - Cannot read IP mode file for wolfSSL.I-CUBE-wolfMQTT.1.19.0
2025-03-24 10:33:26,425 [WARN] PackLoader:240 - Cannot read IP mode file for WES.I-CUBE-Cesium.1.3.0
2025-03-24 10:33:26,449 [WARN] PackLoader:240 - Cannot read IP mode file for STMicroelectronics.X-CUBE-BLE2.3.3.0
2025-03-24 10:33:26,475 [WARN] PackLoader:240 - Cannot read IP mode file for STMicroelectronics.X-CUBE-NFC9.1.0.0
2025-03-24 10:33:26,500 [WARN] PackLoader:240 - Cannot read IP mode file for STMicroelectronics.X-CUBE-BLE1.7.1.0
2025-03-24 10:33:26,520 [WARN] PackLoader:240 - Cannot read IP mode file for STMicroelectronics.X-CUBE-TCPP.4.1.0
2025-03-24 10:33:26,579 [WARN] PackLoader:240 - Cannot read IP mode file for STMicroelectronics.X-CUBE-AZRTOS-G0.1.1.0
2025-03-24 10:33:26,603 [WARN] PackLoader:240 - Cannot read IP mode file for STMicroelectronics.X-CUBE-SAFEA1.1.2.2
2025-03-24 10:33:26,623 [WARN] PackLoader:240 - Cannot read IP mode file for STMicroelectronics.X-CUBE-NFC4.3.0.0
2025-03-24 10:33:26,643 [WARN] PackLoader:240 - Cannot read IP mode file for EmbeddedOffice.I-CUBE-FS-RTOS.1.0.1
2025-03-24 10:33:26,661 [WARN] PackLoader:240 - Cannot read IP mode file for STMicroelectronics.X-CUBE-TCPP.4.2.0
2025-03-24 10:33:26,676 [WARN] PackLoader:240 - Cannot read IP mode file for RealThread.X-CUBE-RT-Thread_Nano.4.1.1
2025-03-24 10:33:26,693 [WARN] PackLoader:240 - Cannot read IP mode file for STMicroelectronics.FP-ATR-SIGFOX1.3.2.0
2025-03-24 10:33:26,709 [WARN] PackLoader:240 - Cannot read IP mode file for wolfSSL.I-CUBE-wolfSSL.5.7.2
2025-03-24 10:33:26,733 [WARN] ConditionMgr:438 - getConditionDescription Invalid condition id : Cortex-A Device cause : null
2025-03-24 10:33:26,776 [WARN] ConditionMgr:1044 - genDependencies : Invalid condition id : Cortex-A Device cause : null
2025-03-24 10:33:26,776 [WARN] ConditionMgr:1044 - genDependencies : Invalid condition id : Cortex-A Device cause : null
2025-03-24 10:33:26,776 [WARN] ConditionMgr:1044 - genDependencies : Invalid condition id : Cortex-A Device cause : null
2025-03-24 10:33:26,794 [WARN] PackLoader:240 - Cannot read IP mode file for STMicroelectronics.X-CUBE-EEPRMA1.5.1.0
2025-03-24 10:33:26,815 [WARN] PackLoader:240 - Cannot read IP mode file for ITTIA_DB.I-CUBE-ITTIADB.8.9.0
2025-03-24 10:33:26,877 [WARN] PackLoader:240 - Cannot read IP mode file for SEGGER.I-CUBE-embOS.1.3.1
2025-03-24 10:33:26,935 [WARN] PackLoader:240 - Cannot read IP mode file for STMicroelectronics.X-CUBE-ALGOBUILD.1.4.0
2025-03-24 10:33:26,961 [WARN] PackLoader:240 - Cannot read IP mode file for STMicroelectronics.X-CUBE-AI.9.1.0
2025-03-24 10:33:26,990 [WARN] PackLoader:240 - Cannot read IP mode file for STMicroelectronics.X-CUBE-GNSS1.6.0.0
2025-03-24 10:33:27,026 [WARN] PackLoader:240 - Cannot read IP mode file for STMicroelectronics.X-CUBE-AZRTOS-F4.1.1.0
2025-03-24 10:33:27,046 [WARN] PackLoader:240 - Cannot read IP mode file for STMicroelectronics.X-CUBE-ISPU.2.1.0
2025-03-24 10:33:27,060 [WARN] PackLoader:240 - Cannot read IP mode file for STMicroelectronics.X-CUBE-FREERTOS.1.2.0
2025-03-24 10:33:27,088 [WARN] PackLoader:240 - Cannot read IP mode file for STMicroelectronics.X-CUBE-AZRTOS-L5.2.0.0
2025-03-24 10:33:27,108 [WARN] PackLoader:240 - Cannot read IP mode file for STMicroelectronics.X-CUBE-NFC6.3.1.0
2025-03-24 10:33:27,133 [WARN] PackLoader:240 - Cannot read IP mode file for STMicroelectronics.X-CUBE-DPower.1.2.0
2025-03-24 10:33:27,151 [WARN] PackLoader:240 - Cannot read IP mode file for STMicroelectronics.X-CUBE-AI.9.0.0
2025-03-24 10:33:27,169 [WARN] PackLoader:240 - Cannot read IP mode file for STMicroelectronics.X-CUBE-FREERTOS.1.3.0
2025-03-24 10:33:27,197 [WARN] PackLoader:240 - Cannot read IP mode file for STMicroelectronics.X-CUBE-NFC7.1.0.1
2025-03-24 10:33:27,222 [WARN] PackLoader:240 - Cannot read IP mode file for wolfSSL.I-CUBE-wolfTPM.3.2.0
2025-03-24 10:33:27,282 [WARN] ConditionMgr:438 - getConditionDescription Invalid condition id : LAN8742 Phy interface Condition cause : null
2025-03-24 10:33:27,283 [WARN] PackLoader:240 - Cannot read IP mode file for STMicroelectronics.X-CUBE-AZRTOS-L4.2.0.0
2025-03-24 10:33:27,284 [WARN] ConditionMgr:1044 - genDependencies : Invalid condition id : LAN8742 Phy interface Condition cause : null
2025-03-24 10:33:27,284 [WARN] ConditionMgr:1044 - genDependencies : Invalid condition id : LAN8742 Phy interface Condition cause : null
2025-03-24 10:33:27,284 [WARN] ConditionMgr:1044 - genDependencies : Invalid condition id : LAN8742 Phy interface Condition cause : null
2025-03-24 10:33:27,319 [WARN] PackLoader:240 - Cannot read IP mode file for STMicroelectronics.X-CUBE-SFXS2LP1.4.0.0
2025-03-24 10:33:27,363 [INFO] WebApp:449 - Apply proxy settings
2025-03-24 10:33:27,364 [INFO] WebApp:534 - Chromium requires no authentication
2025-03-24 10:33:27,397 [WARN] PackLoader:240 - Cannot read IP mode file for STMicroelectronics.X-CUBE-AZRTOS-H7.3.3.0
2025-03-24 10:33:27,402 [INFO] WebApp:477 - Direct internet connection detected
2025-03-24 10:33:27,437 [WARN] PackLoader:240 - Cannot read IP mode file for STMicroelectronics.X-CUBE-IPS.3.0.0
2025-03-24 10:33:27,480 [WARN] ConditionMgr:438 - getConditionDescription Invalid condition id : UX DEVICE CLASS RTOS Condition cause : null
2025-03-24 10:33:27,480 [WARN] ConditionMgr:438 - getConditionDescription Invalid condition id : UX DEVICE CLASS RTOS Condition cause : null
2025-03-24 10:33:27,483 [WARN] PackLoader:240 - Cannot read IP mode file for STMicroelectronics.X-CUBE-AZRTOS-WB.2.0.0
2025-03-24 10:33:27,483 [WARN] ConditionMgr:1044 - genDependencies : Invalid condition id : UX DEVICE CLASS RTOS Condition cause : null
2025-03-24 10:33:27,483 [WARN] ConditionMgr:1044 - genDependencies : Invalid condition id : UX DEVICE CLASS RTOS Condition cause : null
2025-03-24 10:33:27,484 [WARN] ConditionMgr:1044 - genDependencies : Invalid condition id : UX DEVICE CLASS RTOS Condition cause : null
2025-03-24 10:33:27,484 [WARN] ConditionMgr:1044 - genDependencies : Invalid condition id : UX DEVICE CLASS RTOS Condition cause : null
2025-03-24 10:33:27,484 [WARN] ConditionMgr:1044 - genDependencies : Invalid condition id : UX DEVICE CLASS RTOS Condition cause : null
2025-03-24 10:33:27,485 [INFO] WebApp:880 - Register for checkConnection events
2025-03-24 10:33:27,485 [INFO] WebApp:449 - Apply proxy settings
2025-03-24 10:33:27,485 [INFO] WebApp:534 - Chromium requires no authentication
2025-03-24 10:33:27,486 [INFO] WebApp:477 - Direct internet connection detected
2025-03-24 10:33:27,503 [WARN] PackLoader:240 - Cannot read IP mode file for STMicroelectronics.X-CUBE-GNSS1.7.0.0
2025-03-24 10:33:27,525 [WARN] PackLoader:240 - Cannot read IP mode file for STMicroelectronics.X-CUBE-GNSS1.7.0.1
2025-03-24 10:33:27,550 [WARN] PackLoader:240 - Cannot read IP mode file for STMicroelectronics.X-CUBE-TOUCHGFX.4.25.0
2025-03-24 10:33:27,587 [WARN] PackLoader:240 - Cannot read IP mode file for STMicroelectronics.FP-SNS-STBOX1.2.0.0
2025-03-24 10:33:27,634 [WARN] PackLoader:240 - Cannot read IP mode file for STMicroelectronics.X-CUBE-SUBG2.5.0.0
2025-03-24 10:33:27,698 [WARN] PackLoader:240 - Cannot read IP mode file for STMicroelectronics.X-CUBE-AZRTOS-H7RS.1.1.0
2025-03-24 10:33:27,733 [WARN] PackLoader:240 - Cannot read IP mode file for Cesanta.I-CUBE-Mongoose.7.13.0
2025-03-24 10:33:27,748 [INFO] WebApp:187 - Connection restablished
2025-03-24 10:33:27,780 [WARN] PackLoader:240 - Cannot read IP mode file for STMicroelectronics.X-CUBE-AZRTOS-G4.2.0.0
2025-03-24 10:33:27,811 [WARN] PackLoader:240 - Cannot read IP mode file for STMicroelectronics.X-CUBE-ISPU.2.0.0
2025-03-24 10:33:27,853 [WARN] PackLoader:240 - Cannot read IP mode file for STMicroelectronics.X-CUBE-IPS.3.1.0
2025-03-24 10:33:27,886 [WARN] PackLoader:240 - Cannot read IP mode file for STMicroelectronics.X-CUBE-ALS.1.0.2
2025-03-24 10:33:27,909 [WARN] PackLoader:240 - Cannot read IP mode file for STMicroelectronics.X-CUBE-TOUCHGFX.4.24.0
2025-03-24 10:33:27,934 [WARN] PackLoader:240 - Cannot read IP mode file for STMicroelectronics.X-CUBE-TOUCHGFX.4.24.2
2025-03-24 10:33:27,951 [WARN] PackLoader:240 - Cannot read IP mode file for STMicroelectronics.X-CUBE-TOUCHGFX.4.24.1
2025-03-24 10:33:27,977 [WARN] PackLoader:240 - Cannot read IP mode file for portGmbH.I-Cube-SoM-uGOAL.1.1.0
2025-03-24 10:33:28,002 [INFO] WebApp:221 - Starting web application
2025-03-24 10:33:28,003 [INFO] WebApp:579 - Web application path used C:\ST\STM32CubeIDE_1.15.1\STM32CubeIDE\plugins\com.st.stm32cube.common.mx_6.13.0.202411220809\db\plugins\mcufinder\reactClient1\index.html
2025-03-24 10:33:28,040 [WARN] PackLoader:240 - Cannot read IP mode file for STMicroelectronics.X-CUBE-AZRTOS-H7RS.1.0.0
2025-03-24 10:33:28,076 [WARN] PackLoader:240 - Cannot read IP mode file for STMicroelectronics.FP-ATR-ASTRA1.2.0.0
2025-03-24 10:33:28,127 [WARN] PackLoader:240 - Cannot read IP mode file for STMicroelectronics.X-CUBE-TOF1.3.4.2
2025-03-24 10:33:28,219 [WARN] PackLoader:240 - Cannot read IP mode file for Infineon.AIROC-Wi-Fi-Bluetooth-STM32.1.6.1
2025-03-24 10:33:28,265 [WARN] PackLoader:240 - Cannot read IP mode file for wolfSSL.I-CUBE-wolfSSH.1.4.17
2025-03-24 10:33:28,266 [INFO] ThirdParty:978 - Integrity check success = true
2025-03-24 10:33:28,267 [INFO] IntegrityCheckThread:100 - exiting critical section [integrity check]
2025-03-24 10:33:28,267 [INFO] IntegrityCheckThread:103 - End integrity checks thread
2025-03-24 12:51:14,154 [INFO] WebApp:190 - Connection lost
2025-03-24 12:51:14,486 [INFO] WebApp:187 - Connection restablished
2025-03-24 12:57:17,194 [INFO] WebApp:190 - Connection lost
2025-03-24 12:57:17,495 [INFO] WebApp:187 - Connection restablished
2025-03-24 14:47:30,511 [ERROR] LogOutputStream:75 - [STDERR_REDIRECT] 
2025-03-24 14:47:30,512 [ERROR] LogOutputStream:75 - [STDERR_REDIRECT] 
