2025-03-22 13:49:11,828 [INFO] Activator:176 - 


2025-03-22 13:49:11,848 [INFO] Activator:177 - !SESSION log4j initialized
2025-03-22 13:49:16,647 [INFO] LogOutputStream:77 - [STDOUT_REDIRECT] 
2025-03-22 13:49:24,199 [INFO] ApplicationProperties:184 - Using Application install path: C:\ST\STM32CubeIDE_1.15.1\STM32CubeIDE\plugins\com.st.stm32cube.common.mx_6.13.0.202411220809
2025-03-22 13:49:24,216 [INFO] DbMcusXml:78 - Set database path to: C:\ST\STM32CubeIDE_1.15.1\STM32CubeIDE\plugins\com.st.stm32cube.common.mx_6.13.0.202411220809\\db\/mcu/
2025-03-22 13:49:24,216 [INFO] ApiDb:274 - Set plugin database path to: C:\ST\STM32CubeIDE_1.15.1\STM32CubeIDE\plugins\com.st.stm32cube.common.mx_6.13.0.202411220809\\db\/plugins/boardmanager/
2025-03-22 13:49:24,217 [WARN] ApiDb:259 - Overriding images path with different value:  => C:\ST\STM32CubeIDE_1.15.1\STM32CubeIDE\plugins\com.st.stm32cube.common.mx_6.13.0.202411220809\\db\/plugins/mcufinder/images/
2025-03-22 13:49:24,232 [INFO] ApiDb:250 - Set database path to: C:\Users\W10\.stmcufinder\plugins\mcufinder//mcu/
2025-03-22 13:49:24,235 [INFO] DbMcusAds:125 - Set database path to: C:\Users\W10\.stmcufinder\plugins\mcufinder//mcu/
2025-03-22 13:49:24,240 [INFO] CrossReferenceDbSqlite:203 - Set database path to: C:\Users\W10\.stmcufinder\plugins\mcufinder//mcu/cs/
2025-03-22 13:49:24,379 [INFO] RulesReader:64 - Compatibility file has been processed (297 Rules)
2025-03-22 13:49:24,472 [INFO] DbMcusXml:78 - Set database path to: C:\ST\STM32CubeIDE_1.15.1\STM32CubeIDE\plugins\com.st.stm32cube.common.mx_6.13.0.202411220809\\db\/mcu/
2025-03-22 13:49:24,472 [INFO] ApiDb:274 - Set plugin database path to: C:\ST\STM32CubeIDE_1.15.1\STM32CubeIDE\plugins\com.st.stm32cube.common.mx_6.13.0.202411220809\\db\/plugins/boardmanager/
2025-03-22 13:49:24,472 [INFO] ApiDb:261 - Set plugin images path to: C:\ST\STM32CubeIDE_1.15.1\STM32CubeIDE\plugins\com.st.stm32cube.common.mx_6.13.0.202411220809\\db\/plugins/mcufinder/images/
2025-03-22 13:49:24,473 [WARN] DbFile:41 - Overriding database path with different value: C:\Users\W10\.stmcufinder\plugins\mcufinder/ => C:\Users\W10\.stmcufinder\plugins\mcufinder
2025-03-22 13:49:24,473 [INFO] ApiDb:250 - Set database path to: C:\Users\W10\.stmcufinder\plugins\mcufinder//mcu/
2025-03-22 13:49:24,473 [WARN] DbFile:41 - Overriding database path with different value: C:\Users\W10\.stmcufinder\plugins\mcufinder/ => C:\Users\W10\.stmcufinder\plugins\mcufinder
2025-03-22 13:49:24,473 [INFO] DbMcusAds:125 - Set database path to: C:\Users\W10\.stmcufinder\plugins\mcufinder//mcu/
2025-03-22 13:49:24,473 [WARN] DbFile:41 - Overriding database path with different value: C:\Users\W10\.stmcufinder\plugins\mcufinder/ => C:\Users\W10\.stmcufinder\plugins\mcufinder
2025-03-22 13:49:24,473 [WARN] DbFile:41 - Overriding database path with different value: C:\Users\W10\.stmcufinder\plugins\mcufinder/ => C:\Users\W10\.stmcufinder\plugins\mcufinder
2025-03-22 13:49:24,473 [INFO] CrossReferenceDbSqlite:203 - Set database path to: C:\Users\W10\.stmcufinder\plugins\mcufinder//mcu/cs/
2025-03-22 13:49:24,557 [INFO] MainPanel:272 - HeapMemory: 268435456
2025-03-22 13:49:24,693 [INFO] DbMcusXml:78 - Set database path to: C:\ST\STM32CubeIDE_1.15.1\STM32CubeIDE\plugins\com.st.stm32cube.common.mx_6.13.0.202411220809\\db\/mcu/
2025-03-22 13:49:24,694 [INFO] ApiDb:274 - Set plugin database path to: C:\ST\STM32CubeIDE_1.15.1\STM32CubeIDE\plugins\com.st.stm32cube.common.mx_6.13.0.202411220809\\db\/plugins/boardmanager/
2025-03-22 13:49:24,694 [INFO] ApiDb:261 - Set plugin images path to: C:\ST\STM32CubeIDE_1.15.1\STM32CubeIDE\plugins\com.st.stm32cube.common.mx_6.13.0.202411220809\\db\/plugins/mcufinder/images/
2025-03-22 13:49:24,694 [WARN] DbFile:41 - Overriding database path with different value: C:\Users\W10\.stmcufinder\plugins\mcufinder/ => C:\Users\W10\.stmcufinder\plugins\mcufinder
2025-03-22 13:49:24,694 [INFO] ApiDb:250 - Set database path to: C:\Users\W10\.stmcufinder\plugins\mcufinder//mcu/
2025-03-22 13:49:24,694 [WARN] DbFile:41 - Overriding database path with different value: C:\Users\W10\.stmcufinder\plugins\mcufinder/ => C:\Users\W10\.stmcufinder\plugins\mcufinder
2025-03-22 13:49:24,694 [INFO] DbMcusAds:125 - Set database path to: C:\Users\W10\.stmcufinder\plugins\mcufinder//mcu/
2025-03-22 13:49:24,695 [WARN] DbFile:41 - Overriding database path with different value: C:\Users\W10\.stmcufinder\plugins\mcufinder/ => C:\Users\W10\.stmcufinder\plugins\mcufinder
2025-03-22 13:49:24,695 [WARN] DbFile:41 - Overriding database path with different value: C:\Users\W10\.stmcufinder\plugins\mcufinder/ => C:\Users\W10\.stmcufinder\plugins\mcufinder
2025-03-22 13:49:24,695 [INFO] CrossReferenceDbSqlite:203 - Set database path to: C:\Users\W10\.stmcufinder\plugins\mcufinder//mcu/cs/
2025-03-22 13:49:24,712 [INFO] ApplicationProperties:184 - Using Application install path: C:\ST\STM32CubeIDE_1.15.1\STM32CubeIDE\plugins\com.st.stm32cube.common.mx_6.13.0.202411220809
2025-03-22 13:49:24,714 [INFO] PluginManage:196 - Search for loadable plugins [exclusion list=, ]
2025-03-22 13:49:24,716 [INFO] PluginManage:310 - Check plugin analytics
2025-03-22 13:49:29,456 [INFO] AnalyticsPlugin:253 - Accepted Software Licenses: STM32CubeMX.6.13.0
2025-03-22 13:49:29,456 [INFO] AnalyticsPlugin:255 - Accepted CMSIS Pack Licenses: 
2025-03-22 13:49:29,456 [INFO] AnalyticsPlugin:257 - Accepted Firmware Licenses: FW.F4.1.28.0,FW.F4.1.27.0
2025-03-22 13:49:29,458 [INFO] PluginManage:359 - Loaded plugin analytics (category:tool,tabindex:-1)
2025-03-22 13:49:29,459 [INFO] PluginManage:310 - Check plugin cadmodel
2025-03-22 13:49:29,478 [INFO] CADModel:105 - Init CAD model plugin
2025-03-22 13:49:29,478 [INFO] PluginManage:359 - Loaded plugin cadmodel (category:power,tabindex:5)
2025-03-22 13:49:29,479 [INFO] PluginManage:310 - Check plugin clock
2025-03-22 13:49:29,501 [INFO] PluginManage:359 - Loaded plugin clock (category:base,tabindex:2)
2025-03-22 13:49:29,501 [INFO] PluginManage:310 - Check plugin ddr
2025-03-22 13:49:29,503 [INFO] PluginManage:359 - Loaded plugin ddr (category:tool,tabindex:6)
2025-03-22 13:49:29,503 [INFO] PluginManage:310 - Check plugin filemanager
2025-03-22 13:49:29,710 [INFO] PluginManage:359 - Loaded plugin filemanager (category:base,tabindex:10)
2025-03-22 13:49:29,710 [INFO] PluginManage:310 - Check plugin ipmanager
2025-03-22 13:49:29,717 [INFO] PluginManage:359 - Loaded plugin ipmanager (category:base,tabindex:5)
2025-03-22 13:49:29,717 [INFO] PluginManage:310 - Check plugin lpbam
2025-03-22 13:49:29,737 [INFO] PluginManage:359 - Loaded plugin lpbam (category:base,tabindex:0)
2025-03-22 13:49:29,737 [INFO] PluginManage:310 - Check plugin memorymap
2025-03-22 13:49:29,763 [INFO] PluginManage:359 - Loaded plugin memorymap (category:base,tabindex:4)
2025-03-22 13:49:29,764 [INFO] PluginManage:310 - Check plugin pinoutandconfiguration
2025-03-22 13:49:29,785 [INFO] PluginManage:359 - Loaded plugin pinoutandconfiguration (category:base,tabindex:1)
2025-03-22 13:49:29,785 [INFO] PluginManage:310 - Check plugin pinoutconfig
2025-03-22 13:49:29,900 [WARN] SupportedApi:132 - Cannot load RTOS API schema: s4s-elt-must-match.1: The content of 'definitions' must match (annotation?, (simpleType | complexType)?, (unique | key | keyref)*)). A problem was found starting at: attribute.
2025-03-22 13:49:30,055 [INFO] PluginManage:359 - Loaded plugin pinoutconfig (category:base,tabindex:0)
2025-03-22 13:49:30,055 [INFO] PluginManage:310 - Check plugin power
2025-03-22 13:49:30,094 [INFO] PluginManage:359 - Loaded plugin power (category:power,tabindex:4)
2025-03-22 13:49:30,094 [INFO] PluginManage:310 - Check plugin projectmanager
2025-03-22 13:49:30,125 [INFO] PluginManage:359 - Loaded plugin projectmanager (category:projectmanager,tabindex:4)
2025-03-22 13:49:30,126 [INFO] PluginManage:310 - Check plugin rif
2025-03-22 13:49:30,155 [INFO] PluginManage:359 - Loaded plugin rif (category:base,tabindex:3)
2025-03-22 13:49:30,156 [INFO] PluginManage:310 - Check plugin thirdparty
2025-03-22 13:49:30,548 [WARN] IntegrityCheckThread:84 - waiting for thirdparty lock release [integrity check]
2025-03-22 13:49:30,548 [INFO] IntegrityCheckThread:86 - entering critical section [integrity check]
2025-03-22 13:49:30,548 [INFO] PluginManage:359 - Loaded plugin thirdparty (category:base,tabindex:-1)
2025-03-22 13:49:30,549 [INFO] PluginManage:310 - Check plugin tools
2025-03-22 13:49:30,549 [INFO] ThirdPartyUpdaterWithRetryManager:70 - Updater plugin not ready yet. [1/15]
2025-03-22 13:49:30,597 [INFO] PluginManage:359 - Loaded plugin tools (category:base,tabindex:7)
2025-03-22 13:49:30,597 [INFO] PluginManage:310 - Check plugin tutovideos
2025-03-22 13:49:30,781 [INFO] PluginManage:359 - Loaded plugin tutovideos (category:base,tabindex:-1)
2025-03-22 13:49:30,781 [INFO] PluginManage:310 - Check plugin updater
2025-03-22 13:49:30,802 [INFO] PluginManage:359 - Loaded plugin updater (category:base,tabindex:12)
2025-03-22 13:49:30,802 [INFO] PluginManage:310 - Check plugin userauth
2025-03-22 13:49:30,808 [INFO] UserAuth:118 - Init User Auth plugin
2025-03-22 13:49:30,809 [INFO] PluginManage:359 - Loaded plugin userauth (category:base,tabindex:14)
2025-03-22 13:49:30,809 [INFO] PluginManage:283 - PluginManage : Loaded plugins [18]
2025-03-22 13:49:31,027 [INFO] PinOutPanel:1589 - setPackage(No Configuration,No Configuration)
2025-03-22 13:49:31,111 [INFO] CADModel:165 - CPN selected for project level
2025-03-22 13:49:31,111 [INFO] CADModel:114 - Register for checkConnection events
2025-03-22 13:49:31,140 [INFO] IPUIPlugin:80 - create IPUIPlugin
2025-03-22 13:49:31,141 [INFO] PluginManager:220 - loadIPPluginJar : add adc
2025-03-22 13:49:31,186 [INFO] IPUIPlugin:80 - create IPUIPlugin
2025-03-22 13:49:31,186 [INFO] PluginManager:220 - loadIPPluginJar : add aes
2025-03-22 13:49:31,238 [INFO] IPUIPlugin:80 - create IPUIPlugin
2025-03-22 13:49:31,238 [INFO] PluginManager:220 - loadIPPluginJar : add can
2025-03-22 13:49:31,277 [INFO] IPUIPlugin:80 - create IPUIPlugin
2025-03-22 13:49:31,277 [INFO] PluginManager:220 - loadIPPluginJar : add comp
2025-03-22 13:49:31,320 [INFO] IPUIPlugin:80 - create IPUIPlugin
2025-03-22 13:49:31,320 [INFO] PluginManager:220 - loadIPPluginJar : add cryp
2025-03-22 13:49:31,336 [INFO] IPUIPlugin:80 - create IPUIPlugin
2025-03-22 13:49:31,336 [INFO] PluginManager:220 - loadIPPluginJar : add ddr_ctrl_phy
2025-03-22 13:49:31,371 [INFO] IPUIPlugin:80 - create IPUIPlugin
2025-03-22 13:49:31,371 [INFO] PluginManager:220 - loadIPPluginJar : add dfsdm
2025-03-22 13:49:31,387 [INFO] IPUIPlugin:80 - create IPUIPlugin
2025-03-22 13:49:31,387 [INFO] PluginManager:220 - loadIPPluginJar : add dma
2025-03-22 13:49:31,431 [INFO] IPUIPlugin:80 - create IPUIPlugin
2025-03-22 13:49:31,431 [INFO] PluginManager:220 - loadIPPluginJar : add dma3
2025-03-22 13:49:31,483 [INFO] IPUIPlugin:80 - create IPUIPlugin
2025-03-22 13:49:31,484 [INFO] PluginManager:220 - loadIPPluginJar : add extmemmanager
2025-03-22 13:49:31,509 [INFO] IPUIPlugin:80 - create IPUIPlugin
2025-03-22 13:49:31,509 [INFO] PluginManager:220 - loadIPPluginJar : add fatfs
2025-03-22 13:49:31,563 [INFO] IPUIPlugin:80 - create IPUIPlugin
2025-03-22 13:49:31,564 [INFO] PluginManager:220 - loadIPPluginJar : add fmc
2025-03-22 13:49:31,583 [INFO] IPUIPlugin:80 - create IPUIPlugin
2025-03-22 13:49:31,583 [INFO] PluginManager:220 - loadIPPluginJar : add freertos
2025-03-22 13:49:31,608 [INFO] IPUIPlugin:80 - create IPUIPlugin
2025-03-22 13:49:31,608 [INFO] PluginManager:220 - loadIPPluginJar : add genericplugin
2025-03-22 13:49:31,712 [INFO] IPUIPlugin:80 - create IPUIPlugin
2025-03-22 13:49:31,712 [INFO] PluginManager:220 - loadIPPluginJar : add gfxmmu
2025-03-22 13:49:31,864 [INFO] IPUIPlugin:80 - create IPUIPlugin
2025-03-22 13:49:31,864 [INFO] PluginManager:220 - loadIPPluginJar : add gic
2025-03-22 13:49:31,880 [INFO] IPUIPlugin:80 - create IPUIPlugin
2025-03-22 13:49:31,880 [INFO] PluginManager:220 - loadIPPluginJar : add gpio
2025-03-22 13:49:31,989 [INFO] IPUIPlugin:80 - create IPUIPlugin
2025-03-22 13:49:31,989 [INFO] PluginManager:220 - loadIPPluginJar : add gtzc
2025-03-22 13:49:32,031 [INFO] IPUIPlugin:80 - create IPUIPlugin
2025-03-22 13:49:32,031 [INFO] PluginManager:220 - loadIPPluginJar : add hash
2025-03-22 13:49:32,110 [INFO] IPUIPlugin:80 - create IPUIPlugin
2025-03-22 13:49:32,110 [INFO] PluginManager:220 - loadIPPluginJar : add i2c
2025-03-22 13:49:32,165 [INFO] IPUIPlugin:80 - create IPUIPlugin
2025-03-22 13:49:32,165 [INFO] PluginManager:220 - loadIPPluginJar : add i2s
2025-03-22 13:49:32,217 [INFO] IPUIPlugin:80 - create IPUIPlugin
2025-03-22 13:49:32,217 [INFO] PluginManager:220 - loadIPPluginJar : add i3c
2025-03-22 13:49:32,344 [INFO] IPUIPlugin:80 - create IPUIPlugin
2025-03-22 13:49:32,345 [INFO] PluginManager:220 - loadIPPluginJar : add ipddr
2025-03-22 13:49:32,447 [INFO] IPUIPlugin:80 - create IPUIPlugin
2025-03-22 13:49:32,447 [INFO] PluginManager:220 - loadIPPluginJar : add linkedlist
2025-03-22 13:49:32,489 [INFO] IPUIPlugin:80 - create IPUIPlugin
2025-03-22 13:49:32,489 [INFO] PluginManager:220 - loadIPPluginJar : add lorawan
2025-03-22 13:49:32,530 [INFO] IPUIPlugin:80 - create IPUIPlugin
2025-03-22 13:49:32,530 [INFO] PluginManager:220 - loadIPPluginJar : add ltdc
2025-03-22 13:49:32,546 [INFO] IPUIPlugin:80 - create IPUIPlugin
2025-03-22 13:49:32,546 [INFO] PluginManager:220 - loadIPPluginJar : add mdma
2025-03-22 13:49:32,560 [INFO] IPUIPlugin:80 - create IPUIPlugin
2025-03-22 13:49:32,560 [INFO] PluginManager:220 - loadIPPluginJar : add nvic
2025-03-22 13:49:32,606 [INFO] IPUIPlugin:80 - create IPUIPlugin
2025-03-22 13:49:32,606 [INFO] PluginManager:220 - loadIPPluginJar : add opamp
2025-03-22 13:49:32,686 [INFO] IPUIPlugin:80 - create IPUIPlugin
2025-03-22 13:49:32,686 [INFO] PluginManager:220 - loadIPPluginJar : add openamp
2025-03-22 13:49:32,737 [INFO] IPUIPlugin:80 - create IPUIPlugin
2025-03-22 13:49:32,737 [INFO] PluginManager:220 - loadIPPluginJar : add pdm2pcm
2025-03-22 13:49:32,752 [INFO] IPUIPlugin:80 - create IPUIPlugin
2025-03-22 13:49:32,753 [INFO] PluginManager:220 - loadIPPluginJar : add plateformsettings
2025-03-22 13:49:32,780 [INFO] IPUIPlugin:80 - create IPUIPlugin
2025-03-22 13:49:32,780 [INFO] PluginManager:220 - loadIPPluginJar : add quadspi
2025-03-22 13:49:32,812 [INFO] IPUIPlugin:80 - create IPUIPlugin
2025-03-22 13:49:32,813 [INFO] PluginManager:220 - loadIPPluginJar : add radio
2025-03-22 13:49:32,828 [INFO] IPUIPlugin:80 - create IPUIPlugin
2025-03-22 13:49:32,828 [INFO] PluginManager:220 - loadIPPluginJar : add resmgrutility
2025-03-22 13:49:32,880 [INFO] IPUIPlugin:80 - create IPUIPlugin
2025-03-22 13:49:32,880 [INFO] PluginManager:220 - loadIPPluginJar : add sai
2025-03-22 13:49:32,922 [INFO] IPUIPlugin:80 - create IPUIPlugin
2025-03-22 13:49:32,922 [INFO] PluginManager:220 - loadIPPluginJar : add spi
2025-03-22 13:49:33,001 [INFO] IPUIPlugin:80 - create IPUIPlugin
2025-03-22 13:49:33,001 [INFO] PluginManager:220 - loadIPPluginJar : add stm32_wpan
2025-03-22 13:49:33,031 [INFO] IPUIPlugin:80 - create IPUIPlugin
2025-03-22 13:49:33,031 [INFO] PluginManager:220 - loadIPPluginJar : add tim
2025-03-22 13:49:33,107 [INFO] IPUIPlugin:80 - create IPUIPlugin
2025-03-22 13:49:33,107 [INFO] PluginManager:220 - loadIPPluginJar : add touchsensing
2025-03-22 13:49:33,135 [INFO] IPUIPlugin:80 - create IPUIPlugin
2025-03-22 13:49:33,135 [INFO] PluginManager:220 - loadIPPluginJar : add tracer_emb
2025-03-22 13:49:33,163 [INFO] IPUIPlugin:80 - create IPUIPlugin
2025-03-22 13:49:33,163 [INFO] PluginManager:220 - loadIPPluginJar : add ts
2025-03-22 13:49:33,190 [INFO] IPUIPlugin:80 - create IPUIPlugin
2025-03-22 13:49:33,190 [INFO] PluginManager:220 - loadIPPluginJar : add tsc
2025-03-22 13:49:33,216 [INFO] IPUIPlugin:80 - create IPUIPlugin
2025-03-22 13:49:33,216 [INFO] PluginManager:220 - loadIPPluginJar : add ucpd
2025-03-22 13:49:33,272 [INFO] IPUIPlugin:80 - create IPUIPlugin
2025-03-22 13:49:33,272 [INFO] PluginManager:220 - loadIPPluginJar : add usart
2025-03-22 13:49:33,324 [INFO] IPUIPlugin:80 - create IPUIPlugin
2025-03-22 13:49:33,324 [INFO] PluginManager:220 - loadIPPluginJar : add usbx
2025-03-22 13:49:33,454 [FATAL] Updater:351 - Updater called before beeing initialized
2025-03-22 13:49:33,475 [INFO] RulesReader:64 - Compatibility file has been processed (297 Rules)
2025-03-22 13:49:33,485 [INFO] RulesReader:64 - Compatibility file has been processed (297 Rules)
2025-03-22 13:49:33,495 [INFO] CADModel:165 - CPN selected for project level
2025-03-22 13:49:33,495 [INFO] CADModel:114 - Register for checkConnection events
2025-03-22 13:49:33,495 [FATAL] Updater:351 - Updater called before beeing initialized
2025-03-22 13:49:33,495 [ERROR] CADModel:125 - Updater not yet initialized, retry later 
2025-03-22 13:49:33,549 [INFO] ThirdPartyUpdaterWithRetryManager:70 - Updater plugin not ready yet. [2/15]
2025-03-22 13:49:33,646 [FATAL] Updater:351 - Updater called before beeing initialized
2025-03-22 13:49:33,648 [INFO] CADModel:165 - CPN selected for project level
2025-03-22 13:49:33,649 [INFO] CADModel:114 - Register for checkConnection events
2025-03-22 13:49:33,649 [FATAL] Updater:351 - Updater called before beeing initialized
2025-03-22 13:49:33,649 [ERROR] CADModel:125 - Updater not yet initialized, retry later 
2025-03-22 13:49:33,651 [FATAL] Updater:351 - Updater called before beeing initialized
2025-03-22 13:49:33,761 [FATAL] Updater:351 - Updater called before beeing initialized
2025-03-22 13:49:33,774 [INFO] DbMcusAds:53 - JSON generation date=Thu Mar 06 17:54:21 TRT 2025 (1741272861825)
2025-03-22 13:49:33,775 [FATAL] Updater:351 - Updater called before beeing initialized
2025-03-22 13:49:33,820 [WARN] DetailPanel:346 - Failed to get advertising image, set to default
2025-03-22 13:49:34,045 [FATAL] Updater:351 - Updater called before beeing initialized
2025-03-22 13:49:34,047 [FATAL] Updater:351 - Updater called before beeing initialized
2025-03-22 13:49:34,048 [FATAL] Updater:351 - Updater called before beeing initialized
2025-03-22 13:49:34,048 [WARN] DetailPanel:346 - Failed to get advertising image, set to default
2025-03-22 13:49:34,048 [FATAL] Updater:351 - Updater called before beeing initialized
2025-03-22 13:49:34,106 [ERROR] Updater:1198 - MainUpdater not yet initialized. External WinMGr cannot be set.
2025-03-22 13:49:34,116 [INFO] Updater:1134 - Updater Version found : 6.13.0
2025-03-22 13:49:34,138 [INFO] ApplicationProperties:184 - Using Application install path: C:\ST\STM32CubeIDE_1.15.1\STM32CubeIDE\plugins\com.st.stm32cube.common.mx_6.13.0.202411220809
2025-03-22 13:49:35,731 [ERROR] LogOutputStream:75 - [STDERR_REDIRECT] Mar 22, 2025 1:49:35 PM java.util.prefs.WindowsPreferences <init>
2025-03-22 13:49:35,733 [ERROR] LogOutputStream:75 - [STDERR_REDIRECT] WARNING: Could not open/create prefs root node Software\JavaSoft\Prefs at root 0xffffffff80000002. Windows RegCreateKeyEx(...) returned error code 5.
2025-03-22 13:49:35,734 [ERROR] LogOutputStream:75 - [STDERR_REDIRECT] 
2025-03-22 13:49:36,144 [INFO] MainUpdater:2872 - connection check result : 10
2025-03-22 13:49:36,145 [INFO] MainUpdater:289 - Updater Check For Update Now.
2025-03-22 13:49:36,145 [INFO] MicroXplorer:498 - Change Database Version : DB.6.0.130
2025-03-22 13:49:36,169 [INFO] McuFinderGlobals:63 - Set McuFinder mode to 2 (CubeIDE integrated)
2025-03-22 13:49:36,169 [INFO] UserAuth:171 - activating auth plugin
2025-03-22 13:49:36,173 [INFO] UserAuth:486 - Internet connection configuration mode: 1
2025-03-22 13:49:36,212 [INFO] JxBrowserEngine:152 - Initiate JxBrowser Engine with user profile folder
2025-03-22 13:49:36,375 [INFO] CheckServerUpdateThread:120 - End of CheckServer Thread
2025-03-22 13:49:36,793 [WARN] PackLoader:240 - Cannot read IP mode file for STMicroelectronics.FP-SNS-MOTENVWB1.1.4.0
2025-03-22 13:49:36,815 [WARN] PackLoader:240 - Cannot read IP mode file for STMicroelectronics.FP-ATR-ASTRA1.2.0.2
2025-03-22 13:49:36,832 [WARN] PackLoader:240 - Cannot read IP mode file for STMicroelectronics.FP-ATR-ASTRA1.2.0.1
2025-03-22 13:49:36,929 [WARN] PackLoader:240 - Cannot read IP mode file for STMicroelectronics.X-CUBE-SMBUS.2.1.0
2025-03-22 13:49:37,199 [WARN] PackLoader:240 - Cannot read IP mode file for STMicroelectronics.X-CUBE-WB05N.1.1.0
2025-03-22 13:49:37,286 [WARN] PackLoader:240 - Cannot read IP mode file for STMicroelectronics.X-CUBE-AZRTOS-F7.1.1.0
2025-03-22 13:49:37,437 [WARN] PackLoader:240 - Cannot read IP mode file for STMicroelectronics.X-CUBE-MEMS1.11.0.0
2025-03-22 13:49:37,802 [WARN] PackLoader:240 - Cannot read IP mode file for STMicroelectronics.FP-SNS-FLIGHT1.5.0.2
2025-03-22 13:49:37,840 [WARN] PackLoader:240 - Cannot read IP mode file for STMicroelectronics.X-CUBE-DISPLAY.3.0.0
2025-03-22 13:49:37,877 [WARN] PackLoader:240 - Cannot read IP mode file for STMicroelectronics.X-CUBE-BLE1.7.0.0
2025-03-22 13:49:37,911 [WARN] PackLoader:240 - Cannot read IP mode file for STMicroelectronics.X-CUBE-NFC10.1.0.0
2025-03-22 13:49:37,952 [WARN] PackLoader:240 - Cannot read IP mode file for STMicroelectronics.X-CUBE-BLEMGR.4.0.0
2025-03-22 13:49:37,981 [WARN] PackLoader:240 - Cannot read IP mode file for emotas.I-CUBE-CANOPEN.1.3.0
2025-03-22 13:49:38,014 [WARN] PackLoader:240 - Cannot read IP mode file for STMicroelectronics.X-CUBE-BLEMGR.3.1.0
2025-03-22 13:49:38,041 [WARN] PackLoader:240 - Cannot read IP mode file for STMicroelectronics.X-CUBE-AI.10.0.0
2025-03-22 13:49:38,062 [WARN] PackLoader:240 - Cannot read IP mode file for STMicroelectronics.FP-SNS-SMARTAG2.1.2.0
2025-03-22 13:49:38,080 [WARN] PackLoader:240 - Cannot read IP mode file for STMicroelectronics.FP-SNS-FLIGHT1.5.1.0
2025-03-22 13:49:38,163 [WARN] PackLoader:240 - Cannot read IP mode file for STMicroelectronics.X-CUBE-MEMS1.11.1.0
2025-03-22 13:49:38,181 [INFO] WebApp:168 - Instantiating new browser for Auth
2025-03-22 13:49:38,514 [INFO] LogOutputStream:77 - [STDOUT_REDIRECT] 1 : Invalid condition id : UX_CORESTACK_Condition cause : null
2025-03-22 13:49:38,515 [INFO] LogOutputStream:77 - [STDOUT_REDIRECT] 1 : Invalid condition id : UX_CORESTACK_Condition cause : null
2025-03-22 13:49:38,517 [INFO] LogOutputStream:77 - [STDOUT_REDIRECT] 1 : Invalid condition id : UX_CORESTACK_Condition cause : null
2025-03-22 13:49:38,520 [INFO] LogOutputStream:77 - [STDOUT_REDIRECT] 1 : Invalid condition id : UX_CORESTACK_Condition cause : null
2025-03-22 13:49:38,521 [INFO] LogOutputStream:77 - [STDOUT_REDIRECT] 1 : Invalid condition id : UX_CORESTACK_Condition cause : null
2025-03-22 13:49:38,524 [WARN] PackLoader:240 - Cannot read IP mode file for STMicroelectronics.X-CUBE-AZRTOS-WL.2.0.0
2025-03-22 13:49:38,551 [WARN] PackLoader:240 - Cannot read IP mode file for STMicroelectronics.FP-SNS-MOTENV1.5.0.0
2025-03-22 13:49:38,582 [WARN] PackLoader:240 - Cannot read IP mode file for wolfSSL.I-CUBE-wolfMQTT.1.19.0
2025-03-22 13:49:38,612 [WARN] PackLoader:240 - Cannot read IP mode file for WES.I-CUBE-Cesium.1.3.0
2025-03-22 13:49:38,640 [WARN] PackLoader:240 - Cannot read IP mode file for STMicroelectronics.X-CUBE-BLE2.3.3.0
2025-03-22 13:49:38,667 [WARN] PackLoader:240 - Cannot read IP mode file for STMicroelectronics.X-CUBE-NFC9.1.0.0
2025-03-22 13:49:38,693 [WARN] PackLoader:240 - Cannot read IP mode file for STMicroelectronics.X-CUBE-BLE1.7.1.0
2025-03-22 13:49:38,718 [WARN] PackLoader:240 - Cannot read IP mode file for STMicroelectronics.X-CUBE-TCPP.4.1.0
2025-03-22 13:49:38,788 [WARN] PackLoader:240 - Cannot read IP mode file for STMicroelectronics.X-CUBE-AZRTOS-G0.1.1.0
2025-03-22 13:49:38,826 [WARN] PackLoader:240 - Cannot read IP mode file for STMicroelectronics.X-CUBE-SAFEA1.1.2.2
2025-03-22 13:49:38,860 [WARN] PackLoader:240 - Cannot read IP mode file for STMicroelectronics.X-CUBE-NFC4.3.0.0
2025-03-22 13:49:38,890 [WARN] PackLoader:240 - Cannot read IP mode file for EmbeddedOffice.I-CUBE-FS-RTOS.1.0.1
2025-03-22 13:49:38,922 [WARN] PackLoader:240 - Cannot read IP mode file for STMicroelectronics.X-CUBE-TCPP.4.2.0
2025-03-22 13:49:38,946 [WARN] PackLoader:240 - Cannot read IP mode file for RealThread.X-CUBE-RT-Thread_Nano.4.1.1
2025-03-22 13:49:38,971 [WARN] PackLoader:240 - Cannot read IP mode file for STMicroelectronics.FP-ATR-SIGFOX1.3.2.0
2025-03-22 13:49:38,992 [WARN] PackLoader:240 - Cannot read IP mode file for wolfSSL.I-CUBE-wolfSSL.5.7.2
2025-03-22 13:49:39,023 [WARN] ConditionMgr:438 - getConditionDescription Invalid condition id : Cortex-A Device cause : null
2025-03-22 13:49:39,071 [WARN] ConditionMgr:1044 - genDependencies : Invalid condition id : Cortex-A Device cause : null
2025-03-22 13:49:39,072 [WARN] ConditionMgr:1044 - genDependencies : Invalid condition id : Cortex-A Device cause : null
2025-03-22 13:49:39,072 [WARN] ConditionMgr:1044 - genDependencies : Invalid condition id : Cortex-A Device cause : null
2025-03-22 13:49:39,094 [WARN] PackLoader:240 - Cannot read IP mode file for STMicroelectronics.X-CUBE-EEPRMA1.5.1.0
2025-03-22 13:49:39,116 [WARN] PackLoader:240 - Cannot read IP mode file for ITTIA_DB.I-CUBE-ITTIADB.8.9.0
2025-03-22 13:49:39,166 [WARN] PackLoader:240 - Cannot read IP mode file for SEGGER.I-CUBE-embOS.1.3.1
2025-03-22 13:49:39,221 [WARN] PackLoader:240 - Cannot read IP mode file for STMicroelectronics.X-CUBE-ALGOBUILD.1.4.0
2025-03-22 13:49:39,254 [WARN] PackLoader:240 - Cannot read IP mode file for STMicroelectronics.X-CUBE-AI.9.1.0
2025-03-22 13:49:39,283 [WARN] PackLoader:240 - Cannot read IP mode file for STMicroelectronics.X-CUBE-GNSS1.6.0.0
2025-03-22 13:49:39,322 [WARN] PackLoader:240 - Cannot read IP mode file for STMicroelectronics.X-CUBE-AZRTOS-F4.1.1.0
2025-03-22 13:49:39,342 [WARN] PackLoader:240 - Cannot read IP mode file for STMicroelectronics.X-CUBE-ISPU.2.1.0
2025-03-22 13:49:39,371 [WARN] PackLoader:240 - Cannot read IP mode file for STMicroelectronics.X-CUBE-FREERTOS.1.2.0
2025-03-22 13:49:39,439 [WARN] PackLoader:240 - Cannot read IP mode file for STMicroelectronics.X-CUBE-AZRTOS-L5.2.0.0
2025-03-22 13:49:39,488 [WARN] PackLoader:240 - Cannot read IP mode file for STMicroelectronics.X-CUBE-NFC6.3.1.0
2025-03-22 13:49:39,524 [WARN] PackLoader:240 - Cannot read IP mode file for STMicroelectronics.X-CUBE-DPower.1.2.0
2025-03-22 13:49:39,557 [WARN] PackLoader:240 - Cannot read IP mode file for STMicroelectronics.X-CUBE-AI.9.0.0
2025-03-22 13:49:39,589 [WARN] PackLoader:240 - Cannot read IP mode file for STMicroelectronics.X-CUBE-FREERTOS.1.3.0
2025-03-22 13:49:39,642 [WARN] PackLoader:240 - Cannot read IP mode file for STMicroelectronics.X-CUBE-NFC7.1.0.1
2025-03-22 13:49:39,692 [WARN] PackLoader:240 - Cannot read IP mode file for wolfSSL.I-CUBE-wolfTPM.3.2.0
2025-03-22 13:49:39,810 [WARN] ConditionMgr:438 - getConditionDescription Invalid condition id : LAN8742 Phy interface Condition cause : null
2025-03-22 13:49:39,813 [WARN] PackLoader:240 - Cannot read IP mode file for STMicroelectronics.X-CUBE-AZRTOS-L4.2.0.0
2025-03-22 13:49:39,816 [WARN] ConditionMgr:1044 - genDependencies : Invalid condition id : LAN8742 Phy interface Condition cause : null
2025-03-22 13:49:39,818 [WARN] ConditionMgr:1044 - genDependencies : Invalid condition id : LAN8742 Phy interface Condition cause : null
2025-03-22 13:49:39,822 [WARN] ConditionMgr:1044 - genDependencies : Invalid condition id : LAN8742 Phy interface Condition cause : null
2025-03-22 13:49:39,862 [INFO] WebApp:449 - Apply proxy settings
2025-03-22 13:49:39,863 [INFO] WebApp:534 - Chromium requires no authentication
2025-03-22 13:49:39,866 [WARN] PackLoader:240 - Cannot read IP mode file for STMicroelectronics.X-CUBE-SFXS2LP1.4.0.0
2025-03-22 13:49:39,914 [INFO] WebApp:477 - Direct internet connection detected
2025-03-22 13:49:39,953 [WARN] PackLoader:240 - Cannot read IP mode file for STMicroelectronics.X-CUBE-AZRTOS-H7.3.3.0
2025-03-22 13:49:39,994 [WARN] PackLoader:240 - Cannot read IP mode file for STMicroelectronics.X-CUBE-IPS.3.0.0
2025-03-22 13:49:40,003 [INFO] WebApp:880 - Register for checkConnection events
2025-03-22 13:49:40,003 [INFO] WebApp:449 - Apply proxy settings
2025-03-22 13:49:40,004 [INFO] WebApp:534 - Chromium requires no authentication
2025-03-22 13:49:40,005 [INFO] WebApp:477 - Direct internet connection detected
2025-03-22 13:49:40,050 [WARN] ConditionMgr:438 - getConditionDescription Invalid condition id : UX DEVICE CLASS RTOS Condition cause : null
2025-03-22 13:49:40,050 [WARN] ConditionMgr:438 - getConditionDescription Invalid condition id : UX DEVICE CLASS RTOS Condition cause : null
2025-03-22 13:49:40,051 [WARN] PackLoader:240 - Cannot read IP mode file for STMicroelectronics.X-CUBE-AZRTOS-WB.2.0.0
2025-03-22 13:49:40,052 [WARN] ConditionMgr:1044 - genDependencies : Invalid condition id : UX DEVICE CLASS RTOS Condition cause : null
2025-03-22 13:49:40,052 [WARN] ConditionMgr:1044 - genDependencies : Invalid condition id : UX DEVICE CLASS RTOS Condition cause : null
2025-03-22 13:49:40,053 [WARN] ConditionMgr:1044 - genDependencies : Invalid condition id : UX DEVICE CLASS RTOS Condition cause : null
2025-03-22 13:49:40,053 [WARN] ConditionMgr:1044 - genDependencies : Invalid condition id : UX DEVICE CLASS RTOS Condition cause : null
2025-03-22 13:49:40,053 [WARN] ConditionMgr:1044 - genDependencies : Invalid condition id : UX DEVICE CLASS RTOS Condition cause : null
2025-03-22 13:49:40,070 [WARN] PackLoader:240 - Cannot read IP mode file for STMicroelectronics.X-CUBE-GNSS1.7.0.0
2025-03-22 13:49:40,096 [WARN] PackLoader:240 - Cannot read IP mode file for STMicroelectronics.X-CUBE-GNSS1.7.0.1
2025-03-22 13:49:40,123 [WARN] PackLoader:240 - Cannot read IP mode file for STMicroelectronics.X-CUBE-TOUCHGFX.4.25.0
2025-03-22 13:49:40,154 [WARN] PackLoader:240 - Cannot read IP mode file for STMicroelectronics.FP-SNS-STBOX1.2.0.0
2025-03-22 13:49:40,191 [WARN] PackLoader:240 - Cannot read IP mode file for STMicroelectronics.X-CUBE-SUBG2.5.0.0
2025-03-22 13:49:40,240 [INFO] WebApp:187 - Connection restablished
2025-03-22 13:49:40,267 [WARN] PackLoader:240 - Cannot read IP mode file for STMicroelectronics.X-CUBE-AZRTOS-H7RS.1.1.0
2025-03-22 13:49:40,305 [WARN] PackLoader:240 - Cannot read IP mode file for Cesanta.I-CUBE-Mongoose.7.13.0
2025-03-22 13:49:40,375 [WARN] PackLoader:240 - Cannot read IP mode file for STMicroelectronics.X-CUBE-AZRTOS-G4.2.0.0
2025-03-22 13:49:40,410 [WARN] PackLoader:240 - Cannot read IP mode file for STMicroelectronics.X-CUBE-ISPU.2.0.0
2025-03-22 13:49:40,455 [WARN] PackLoader:240 - Cannot read IP mode file for STMicroelectronics.X-CUBE-IPS.3.1.0
2025-03-22 13:49:40,502 [WARN] PackLoader:240 - Cannot read IP mode file for STMicroelectronics.X-CUBE-ALS.1.0.2
2025-03-22 13:49:40,543 [WARN] PackLoader:240 - Cannot read IP mode file for STMicroelectronics.X-CUBE-TOUCHGFX.4.24.0
2025-03-22 13:49:40,553 [INFO] WebApp:221 - Starting web application
2025-03-22 13:49:40,553 [INFO] WebApp:579 - Web application path used C:\ST\STM32CubeIDE_1.15.1\STM32CubeIDE\plugins\com.st.stm32cube.common.mx_6.13.0.202411220809\db\plugins\mcufinder\reactClient1\index.html
2025-03-22 13:49:40,582 [WARN] PackLoader:240 - Cannot read IP mode file for STMicroelectronics.X-CUBE-TOUCHGFX.4.24.2
2025-03-22 13:49:40,626 [WARN] PackLoader:240 - Cannot read IP mode file for STMicroelectronics.X-CUBE-TOUCHGFX.4.24.1
2025-03-22 13:49:40,733 [WARN] PackLoader:240 - Cannot read IP mode file for portGmbH.I-Cube-SoM-uGOAL.1.1.0
2025-03-22 13:49:40,811 [WARN] PackLoader:240 - Cannot read IP mode file for STMicroelectronics.X-CUBE-AZRTOS-H7RS.1.0.0
2025-03-22 13:49:40,870 [WARN] PackLoader:240 - Cannot read IP mode file for STMicroelectronics.FP-ATR-ASTRA1.2.0.0
2025-03-22 13:49:40,950 [WARN] PackLoader:240 - Cannot read IP mode file for STMicroelectronics.X-CUBE-TOF1.3.4.2
2025-03-22 13:49:41,069 [WARN] PackLoader:240 - Cannot read IP mode file for Infineon.AIROC-Wi-Fi-Bluetooth-STM32.1.6.1
2025-03-22 13:49:41,116 [WARN] PackLoader:240 - Cannot read IP mode file for wolfSSL.I-CUBE-wolfSSH.1.4.17
2025-03-22 13:49:41,118 [INFO] ThirdParty:978 - Integrity check success = true
2025-03-22 13:49:41,119 [INFO] IntegrityCheckThread:100 - exiting critical section [integrity check]
2025-03-22 13:49:41,119 [INFO] IntegrityCheckThread:103 - End integrity checks thread
2025-03-22 13:50:11,279 [ERROR] LogOutputStream:75 - [STDERR_REDIRECT] 
